<?xml version="1.0" encoding="UTF-8"?>
<!-- Generated by org.testng.reporters.JUnitReportReporter -->
<testsuite hostname="DESKTOP-E9LFR3U" failures="0" tests="1" name="TestNGDemo.Login" time="11.744" errors="0" timestamp="3 Oct 2023 16:35:42 GMT">
  <testcase classname="TestNGDemo.Login" name="Zlogin" time="11.744"/>
</testsuite> <!-- TestNGDemo.Login -->
