<?xml version="1.0" encoding="UTF-8"?>
<!-- Generated by org.testng.reporters.JUnitReportReporter -->
<testsuite hostname="DESKTOP-E9LFR3U" failures="0" tests="1" name="com.testcase.Login" time="3.000" errors="0" timestamp="8 Oct 2023 10:35:24 GMT">
  <testcase classname="com.testcase.Login" name="Loginapp" time="3.000"/>
</testsuite> <!-- com.testcase.Login -->
