<?xml version="1.0" encoding="UTF-8"?>
<!-- Generated by org.testng.reporters.JUnitReportReporter -->
<testsuite hostname="DESKTOP-E9LFR3U" failures="0" tests="1" name="TestNGDemo.DemoTestNG" time="56.566" errors="0" timestamp="3 Oct 2023 15:49:48 GMT">
  <testcase classname="TestNGDemo.DemoTestNG" name="VerifyURL" time="56.566"/>
</testsuite> <!-- TestNGDemo.DemoTestNG -->
