<?xml version="1.0" encoding="UTF-8"?>
<!-- Generated by org.testng.reporters.JUnitReportReporter -->
<testsuite hostname="DESKTOP-E9LFR3U" failures="0" tests="1" name="TestNGDemo.VerifyURL" time="7.618" errors="0" timestamp="3 Oct 2023 16:35:42 GMT">
  <testcase classname="TestNGDemo.VerifyURL" name="VerifyMYURL" time="7.618"/>
</testsuite> <!-- TestNGDemo.VerifyURL -->
